15:28:17.596 [main] INFO  testCases.TC_01 - **Practo Url opended Successfully**
15:28:56.798 [main] INFO  testCases.TC_01 - ****checking the selected location ****
15:28:56.969 [main] INFO  testCases.TC_01 - checking the selected specialist
15:28:57.339 [main] INFO  testCases.TC_01 - giving the options in dropdowns
15:29:52.365 [main] INFO  testCases.TC_01 - First five doctor detials entered succesfully in Excel
15:30:40.308 [main] INFO  testCases.TC_02 - **Surgies page opended Successfully**
15:30:40.313 [main] INFO  testCases.TC_02 - ****Surgieres list printed****
15:31:42.550 [main] INFO  testCases.TC_03 - **Demo form page opended Successfully**
15:31:44.344 [main] INFO  testCases.TC_03 - ****submit button disabled****
15:32:50.594 [main] INFO  testCases.TC_04 - **Practo Url opended Successfully**
15:32:52.674 [main] INFO  testCases.TC_04 - ****submit button enabled****
15:33:08.464 [main] INFO  testCases.TC_04 - thank you msg displayed
15:33:58.903 [main] INFO  testCases.TC_05 - ****Starting Testcase ten extracting doctor detials****
15:38:12.082 [main] INFO  testCases.TC_05 - ****submit button disabled****
15:38:12.082 [main] INFO  testCases.TC_05 - ***TestCase three excuted successfully***
15:38:17.520 [main] INFO  testCases.TC_05 - ****submit button enabled****
11:53:32.373 [main] INFO  testCases.TC_01 - **Practo Url opended Successfully**
11:53:38.370 [main] INFO  testCases.TC_01 - ****checking the selected location ****
11:53:38.469 [main] INFO  testCases.TC_01 - checking the selected specialist
11:53:38.684 [main] INFO  testCases.TC_01 - giving the options in dropdowns
11:53:53.261 [main] INFO  testCases.TC_01 - First five doctor detials entered succesfully in Excel
11:54:20.226 [main] INFO  testCases.TC_02 - **Surgies page opended Successfully**
11:54:20.228 [main] INFO  testCases.TC_02 - ****Surgieres list printed****
11:54:53.849 [main] INFO  testCases.TC_03 - **Demo form page opended Successfully**
11:54:54.685 [main] INFO  testCases.TC_03 - ****submit button disabled****
11:55:27.464 [main] INFO  testCases.TC_04 - **Practo Url opended Successfully**
11:55:28.282 [main] INFO  testCases.TC_04 - ****submit button enabled****
11:55:28.974 [main] INFO  testCases.TC_04 - thank you msg displayed
11:55:54.657 [main] INFO  testCases.TC_05 - ****Starting Testcase ten extracting doctor detials****
11:56:24.666 [main] INFO  testCases.TC_05 - ****submit button disabled****
11:56:24.666 [main] INFO  testCases.TC_05 - ***TestCase three excuted successfully***
11:56:26.895 [main] INFO  testCases.TC_05 - ****submit button enabled****
